[13-Jun-2025 15:52:25 UTC] PHP Fatal error:  Uncaught Error: Call to undefined function get_theme_file_url() in /Users/reuben/Local Sites/fictional-university/app/public/wp-content/themes/fictional-university-theme/index.php:75
Stack trace:
#0 /Users/reuben/Local Sites/fictional-university/app/public/wp-includes/template-loader.php(106): include()
#1 /Users/reuben/Local Sites/fictional-university/app/public/wp-blog-header.php(19): require_once('/Users/reuben/L...')
#2 /Users/reuben/Local Sites/fictional-university/app/public/index.php(17): require('/Users/reuben/L...')
#3 {main}
  thrown in /Users/reuben/Local Sites/fictional-university/app/public/wp-content/themes/fictional-university-theme/index.php on line 75
[02-Jul-2025 07:25:45 UTC] PHP Warning:  Undefined variable $theParent in /Users/reuben/Local Sites/fictional-university/app/public/wp-content/themes/fictional-university-theme/single.php on line 21
[10-Jul-2025 15:51:48 UTC] PHP Fatal error:  Uncaught TypeError: call_user_func_array(): Argument #1 ($callback) must be a valid callback, function "university_post_types" not found or invalid function name in /Users/reuben/Local Sites/fictional-university/app/public/wp-includes/class-wp-hook.php:324
Stack trace:
#0 /Users/reuben/Local Sites/fictional-university/app/public/wp-includes/class-wp-hook.php(348): WP_Hook->apply_filters(NULL, Array)
#1 /Users/reuben/Local Sites/fictional-university/app/public/wp-includes/plugin.php(517): WP_Hook->do_action(Array)
#2 /Users/reuben/Local Sites/fictional-university/app/public/wp-settings.php(727): do_action('init')
#3 /Users/reuben/Local Sites/fictional-university/app/public/wp-config.php(103): require_once('/Users/reuben/L...')
#4 /Users/reuben/Local Sites/fictional-university/app/public/wp-load.php(50): require_once('/Users/reuben/L...')
#5 /Users/reuben/Local Sites/fictional-university/app/public/wp-admin/admin-ajax.php(22): require_once('/Users/reuben/L...')
#6 {main}
  thrown in /Users/reuben/Local Sites/fictional-university/app/public/wp-includes/class-wp-hook.php on line 324
[30-Jul-2025 15:27:27 UTC] PHP Fatal error:  Uncaught TypeError: call_user_func_array(): Argument #1 ($callback) must be a valid callback, function "university_adjust_queries" not found or invalid function name in /Users/reuben/Local Sites/fictional-university/app/public/wp-includes/class-wp-hook.php:324
Stack trace:
#0 /Users/reuben/Local Sites/fictional-university/app/public/wp-includes/class-wp-hook.php(348): WP_Hook->apply_filters('', Array)
#1 /Users/reuben/Local Sites/fictional-university/app/public/wp-includes/plugin.php(565): WP_Hook->do_action(Array)
#2 /Users/reuben/Local Sites/fictional-university/app/public/wp-includes/class-wp-query.php(1910): do_action_ref_array('pre_get_posts', Array)
#3 /Users/reuben/Local Sites/fictional-university/app/public/wp-includes/class-wp-query.php(3949): WP_Query->get_posts()
#4 /Users/reuben/Local Sites/fictional-university/app/public/wp-includes/post.php(2579): WP_Query->query(Array)
#5 /Users/reuben/Local Sites/fictional-university/app/public/wp-content/plugins/advanced-custom-fields/includes/class-acf-internal-post-type.php(397): get_posts(Array)
#6 /Users/reuben/Local Sites/fictional-university/app/public/wp-content/plugins/advanced-custom-fields/includes/class-acf-internal-post-type.php(357): ACF_Internal_Post_Type->get_raw_posts()
#7 /Users/reuben/Local Sites/fictional-university/app/public/wp-content/plugins/advanced-custom-fields/includes/post-types/class-acf-taxonomy.php(126): ACF_Internal_Post_Type->get_posts(Array)
#8 /Users/reuben/Local Sites/fictional-university/app/public/wp-includes/class-wp-hook.php(324): ACF_Taxonomy->register_taxonomies(6)
#9 /Users/reuben/Local Sites/fictional-university/app/public/wp-includes/class-wp-hook.php(348): WP_Hook->apply_filters('', Array)
#10 /Users/reuben/Local Sites/fictional-university/app/public/wp-includes/plugin.php(517): WP_Hook->do_action(Array)
#11 /Users/reuben/Local Sites/fictional-university/app/public/wp-content/plugins/advanced-custom-fields/acf.php(427): do_action('acf/init', 6)
#12 /Users/reuben/Local Sites/fictional-university/app/public/wp-includes/class-wp-hook.php(324): ACF->init('')
#13 /Users/reuben/Local Sites/fictional-university/app/public/wp-includes/class-wp-hook.php(348): WP_Hook->apply_filters(NULL, Array)
#14 /Users/reuben/Local Sites/fictional-university/app/public/wp-includes/plugin.php(517): WP_Hook->do_action(Array)
#15 /Users/reuben/Local Sites/fictional-university/app/public/wp-settings.php(727): do_action('init')
#16 /Users/reuben/Local Sites/fictional-university/app/public/wp-config.php(103): require_once('/Users/reuben/L...')
#17 /Users/reuben/Local Sites/fictional-university/app/public/wp-load.php(50): require_once('/Users/reuben/L...')
#18 /Users/reuben/Local Sites/fictional-university/app/public/wp-admin/admin-ajax.php(22): require_once('/Users/reuben/L...')
#19 {main}
  thrown in /Users/reuben/Local Sites/fictional-university/app/public/wp-includes/class-wp-hook.php on line 324
