[13-Jun-2025 11:53:58] NOTICE: fpm is running, pid 78655
[13-Jun-2025 11:53:58] NOTICE: ready to handle connections
[13-Jun-2025 17:36:34] NOTICE: Terminating ...
[13-Jun-2025 17:36:34] NOTICE: Terminating ...
[13-Jun-2025 17:36:34] NOTICE: exiting, bye-bye!
[16-Jun-2025 13:09:00] NOTICE: fpm is running, pid 38961
[16-Jun-2025 13:09:00] NOTICE: ready to handle connections
[16-Jun-2025 16:50:38] NOTICE: Terminating ...
[16-Jun-2025 16:50:38] NOTICE: Terminating ...
[16-Jun-2025 16:50:38] NOTICE: exiting, bye-bye!
[17-Jun-2025 16:24:09] NOTICE: fpm is running, pid 69414
[17-Jun-2025 16:24:09] NOTICE: ready to handle connections
[18-Jun-2025 15:57:37] NOTICE: Terminating ...
[18-Jun-2025 15:57:37] NOTICE: exiting, bye-bye!
[23-Jun-2025 17:16:24] NOTICE: fpm is running, pid 54975
[23-Jun-2025 17:16:24] NOTICE: ready to handle connections
[23-Jun-2025 17:51:05] NOTICE: Terminating ...
[23-Jun-2025 17:51:05] NOTICE: Terminating ...
[23-Jun-2025 17:51:05] NOTICE: exiting, bye-bye!
[24-Jun-2025 13:06:53] NOTICE: fpm is running, pid 68907
[24-Jun-2025 13:06:53] NOTICE: ready to handle connections
[24-Jun-2025 15:54:19] NOTICE: Terminating ...
[24-Jun-2025 15:54:19] NOTICE: Terminating ...
[24-Jun-2025 15:54:19] NOTICE: exiting, bye-bye!
[30-Jun-2025 12:49:40] NOTICE: fpm is running, pid 625
[30-Jun-2025 12:49:40] NOTICE: ready to handle connections
[30-Jun-2025 16:18:58] NOTICE: Terminating ...
[30-Jun-2025 16:18:58] NOTICE: Terminating ...
[30-Jun-2025 16:18:58] NOTICE: exiting, bye-bye!
[01-Jul-2025 13:03:54] NOTICE: fpm is running, pid 11020
[01-Jul-2025 13:03:54] NOTICE: ready to handle connections
[01-Jul-2025 16:28:10] NOTICE: Terminating ...
[01-Jul-2025 16:28:10] NOTICE: Terminating ...
[01-Jul-2025 16:28:10] NOTICE: exiting, bye-bye!
[02-Jul-2025 08:11:52] NOTICE: fpm is running, pid 19246
[02-Jul-2025 08:11:52] NOTICE: ready to handle connections
[02-Jul-2025 08:28:39] NOTICE: Terminating ...
[02-Jul-2025 08:28:39] NOTICE: Terminating ...
[02-Jul-2025 08:28:39] NOTICE: exiting, bye-bye!
[02-Jul-2025 13:12:22] NOTICE: fpm is running, pid 23911
[02-Jul-2025 13:12:22] NOTICE: ready to handle connections
[04-Jul-2025 16:20:39] NOTICE: Terminating ...
[04-Jul-2025 16:20:39] NOTICE: Terminating ...
[04-Jul-2025 16:20:39] NOTICE: exiting, bye-bye!
[07-Jul-2025 13:09:26] NOTICE: fpm is running, pid 55153
[07-Jul-2025 13:09:26] NOTICE: ready to handle connections
[07-Jul-2025 16:02:25] NOTICE: Terminating ...
[07-Jul-2025 16:02:25] NOTICE: exiting, bye-bye!
[08-Jul-2025 12:59:14] NOTICE: fpm is running, pid 63390
[08-Jul-2025 12:59:14] NOTICE: ready to handle connections
